<?xml version="1.0" encoding="UTF-8"?>
<!-- Generated by org.testng.reporters.JUnitReportReporter -->
<testsuite hostname="LAPTOP-EAG9CDBF" failures="0" tests="1" name="com.automation.testCases.HoePage_Test" time="129.152" errors="0" timestamp="2022-04-08T16:02:57 IST" skipped="0">
  <testcase classname="com.automation.testCases.HoePage_Test" name="slider_Test" time="129.152"/>
  <system-out/>
</testsuite> <!-- com.automation.testCases.HoePage_Test -->
