<?xml version="1.0" encoding="UTF-8"?>
<!-- Generated by org.testng.reporters.JUnitReportReporter -->
<testsuite hostname="LAPTOP-EAG9CDBF" failures="0" tests="3" name="com.automation.testCases.HomePage_Test" time="114.944" errors="0" timestamp="2022-04-16T19:30:10 IST" skipped="0">
  <testcase classname="com.automation.testCases.HomePage_Test" name="arrivals_Test" time="20.463"/>
  <system-out/>
  <testcase classname="com.automation.testCases.HomePage_Test" name="slider_Test" time="14.807"/>
  <system-out/>
  <testcase classname="com.automation.testCases.HomePage_Test" name="arrivalNavigationTest" time="79.674"/>
  <system-out/>
</testsuite> <!-- com.automation.testCases.HomePage_Test -->
