<?xml version="1.0" encoding="UTF-8"?>
<!-- Generated by org.testng.reporters.JUnitReportReporter -->
<testsuite hostname="LAPTOP-EAG9CDBF" failures="0" tests="8" name="com.automation.testCases.Login_Test" time="279.763" errors="0" timestamp="2022-04-16T19:30:10 IST" skipped="0">
  <testcase classname="com.automation.testCases.Login_Test" name="loginTestWithInvalidCreedentials" time="39.709"/>
  <system-out/>
  <testcase classname="com.automation.testCases.Login_Test" name="loginAuthontication" time="47.089"/>
  <system-out/>
  <testcase classname="com.automation.testCases.Login_Test" name="caseChange_Test" time="35.505"/>
  <system-out/>
  <testcase classname="com.automation.testCases.Login_Test" name="loginTestWithInvalidCreedentials" time="28.417"/>
  <system-out/>
  <testcase classname="com.automation.testCases.Login_Test" name="loginTestWithValidCredentials" time="30.909"/>
  <system-out/>
  <testcase classname="com.automation.testCases.Login_Test" name="passwordFiled_Test" time="21.854"/>
  <system-out/>
  <testcase classname="com.automation.testCases.Login_Test" name="loginTestWithInvalidCreedentials" time="26.702"/>
  <system-out/>
  <testcase classname="com.automation.testCases.Login_Test" name="loginTestWithInvalidCreedentials" time="49.578"/>
  <system-out/>
</testsuite> <!-- com.automation.testCases.Login_Test -->
