<?xml version="1.0" encoding="UTF-8"?>
<!-- Generated by org.testng.reporters.JUnitReportReporter -->
<testsuite hostname="LAPTOP-EAG9CDBF" failures="0" tests="3" name="com.automation.testCases.HomePage_Test" time="274.657" errors="0" timestamp="2022-04-17T11:49:48 IST" skipped="0">
  <testcase classname="com.automation.testCases.HomePage_Test" name="slider_Test" time="57.830"/>
  <system-out/>
  <testcase classname="com.automation.testCases.HomePage_Test" name="arrivalNavigationTest" time="41.170"/>
  <system-out/>
  <testcase classname="com.automation.testCases.HomePage_Test" name="arrivals_Test" time="175.657"/>
  <system-out/>
</testsuite> <!-- com.automation.testCases.HomePage_Test -->
